<?xml version="1.0" encoding="UTF-8"?>
<!-- Generated by org.testng.reporters.JUnitReportReporter -->
<testsuite hostname="LAPTOP-HA3KNLJH" failures="0" tests="1" name="restAssured.EndToEndTest" time="6.405" errors="0" timestamp="2022-12-13T20:23:33 IST" skipped="0">
  <testcase classname="restAssured.EndToEndTest" name="test1" time="6.405"/>
  <system-out/>
</testsuite> <!-- restAssured.EndToEndTest -->
